<?xml version="1.0" encoding="UTF-8"?>
<testsuite xmlns:xsi="http://www.w3.org/2001/XMLSchema-instance" xsi:noNamespaceSchemaLocation="https://maven.apache.org/surefire/maven-surefire-plugin/xsd/surefire-test-report.xsd" name="DDTF.WordPressLogin" time="25.927" tests="4" errors="0" skipped="0" failures="0">
  <properties>
    <property name="sun.desktop" value="gnome"/>
    <property name="awt.toolkit" value="sun.awt.X11.XToolkit"/>
    <property name="java.specification.version" value="11"/>
    <property name="sun.cpu.isalist" value=""/>
    <property name="sun.jnu.encoding" value="UTF-8"/>
    <property name="java.class.path" value="/home/knoldus/Documents/selenium4-DataDriven-Framework/target/test-classes:/home/knoldus/Documents/selenium4-DataDriven-Framework/target/classes:/home/knoldus/.m2/repository/junit/junit/4.12/junit-4.12.jar:/home/knoldus/.m2/repository/org/hamcrest/hamcrest-core/1.3/hamcrest-core-1.3.jar:/home/knoldus/.m2/repository/org/apache/poi/poi/4.1.2/poi-4.1.2.jar:/home/knoldus/.m2/repository/commons-codec/commons-codec/1.13/commons-codec-1.13.jar:/home/knoldus/.m2/repository/org/apache/commons/commons-collections4/4.4/commons-collections4-4.4.jar:/home/knoldus/.m2/repository/org/apache/commons/commons-math3/3.6.1/commons-math3-3.6.1.jar:/home/knoldus/.m2/repository/com/zaxxer/SparseBitSet/1.2/SparseBitSet-1.2.jar:/home/knoldus/.m2/repository/org/apache/poi/poi-ooxml/4.1.2/poi-ooxml-4.1.2.jar:/home/knoldus/.m2/repository/org/apache/poi/poi-ooxml-schemas/4.1.2/poi-ooxml-schemas-4.1.2.jar:/home/knoldus/.m2/repository/org/apache/xmlbeans/xmlbeans/3.1.0/xmlbeans-3.1.0.jar:/home/knoldus/.m2/repository/org/apache/commons/commons-compress/1.19/commons-compress-1.19.jar:/home/knoldus/.m2/repository/com/github/virtuald/curvesapi/1.06/curvesapi-1.06.jar:/home/knoldus/.m2/repository/org/seleniumhq/selenium/selenium-java/4.0.0/selenium-java-4.0.0.jar:/home/knoldus/.m2/repository/org/seleniumhq/selenium/selenium-api/4.0.0/selenium-api-4.0.0.jar:/home/knoldus/.m2/repository/org/seleniumhq/selenium/selenium-devtools-v85/4.0.0/selenium-devtools-v85-4.0.0.jar:/home/knoldus/.m2/repository/org/seleniumhq/selenium/selenium-devtools-v93/4.0.0/selenium-devtools-v93-4.0.0.jar:/home/knoldus/.m2/repository/org/seleniumhq/selenium/selenium-devtools-v94/4.0.0/selenium-devtools-v94-4.0.0.jar:/home/knoldus/.m2/repository/org/seleniumhq/selenium/selenium-devtools-v95/4.0.0/selenium-devtools-v95-4.0.0.jar:/home/knoldus/.m2/repository/org/seleniumhq/selenium/selenium-edge-driver/4.0.0/selenium-edge-driver-4.0.0.jar:/home/knoldus/.m2/repository/org/seleniumhq/selenium/selenium-firefox-driver/4.0.0/selenium-firefox-driver-4.0.0.jar:/home/knoldus/.m2/repository/org/seleniumhq/selenium/selenium-firefox-xpi-driver/4.0.0/selenium-firefox-xpi-driver-4.0.0.jar:/home/knoldus/.m2/repository/org/seleniumhq/selenium/selenium-ie-driver/4.0.0/selenium-ie-driver-4.0.0.jar:/home/knoldus/.m2/repository/org/seleniumhq/selenium/selenium-opera-driver/4.0.0/selenium-opera-driver-4.0.0.jar:/home/knoldus/.m2/repository/org/seleniumhq/selenium/selenium-remote-driver/4.0.0/selenium-remote-driver-4.0.0.jar:/home/knoldus/.m2/repository/io/netty/netty-buffer/4.1.68.Final/netty-buffer-4.1.68.Final.jar:/home/knoldus/.m2/repository/io/netty/netty-codec-http/4.1.67.Final/netty-codec-http-4.1.67.Final.jar:/home/knoldus/.m2/repository/io/netty/netty-codec/4.1.67.Final/netty-codec-4.1.67.Final.jar:/home/knoldus/.m2/repository/io/netty/netty-handler/4.1.67.Final/netty-handler-4.1.67.Final.jar:/home/knoldus/.m2/repository/io/netty/netty-common/4.1.68.Final/netty-common-4.1.68.Final.jar:/home/knoldus/.m2/repository/io/netty/netty-transport-native-epoll/4.1.67.Final/netty-transport-native-epoll-4.1.67.Final.jar:/home/knoldus/.m2/repository/io/netty/netty-transport-native-kqueue/4.1.67.Final/netty-transport-native-kqueue-4.1.67.Final.jar:/home/knoldus/.m2/repository/io/netty/netty-transport-native-unix-common/4.1.67.Final/netty-transport-native-unix-common-4.1.67.Final.jar:/home/knoldus/.m2/repository/io/netty/netty-transport/4.1.68.Final/netty-transport-4.1.68.Final.jar:/home/knoldus/.m2/repository/io/netty/netty-resolver/4.1.68.Final/netty-resolver-4.1.68.Final.jar:/home/knoldus/.m2/repository/io/opentelemetry/opentelemetry-api/1.6.0/opentelemetry-api-1.6.0.jar:/home/knoldus/.m2/repository/io/opentelemetry/opentelemetry-context/1.6.0/opentelemetry-context-1.6.0.jar:/home/knoldus/.m2/repository/io/opentelemetry/opentelemetry-exporter-logging/1.6.0/opentelemetry-exporter-logging-1.6.0.jar:/home/knoldus/.m2/repository/io/opentelemetry/opentelemetry-sdk-metrics/1.6.0-alpha/opentelemetry-sdk-metrics-1.6.0-alpha.jar:/home/knoldus/.m2/repository/io/opentelemetry/opentelemetry-sdk-common/1.6.0/opentelemetry-sdk-common-1.6.0.jar:/home/knoldus/.m2/repository/io/opentelemetry/opentelemetry-sdk-extension-autoconfigure-spi/1.6.0/opentelemetry-sdk-extension-autoconfigure-spi-1.6.0.jar:/home/knoldus/.m2/repository/io/opentelemetry/opentelemetry-sdk-extension-autoconfigure/1.6.0-alpha/opentelemetry-sdk-extension-autoconfigure-1.6.0-alpha.jar:/home/knoldus/.m2/repository/io/opentelemetry/opentelemetry-sdk-trace/1.6.0/opentelemetry-sdk-trace-1.6.0.jar:/home/knoldus/.m2/repository/io/opentelemetry/opentelemetry-api-metrics/1.6.0-alpha/opentelemetry-api-metrics-1.6.0-alpha.jar:/home/knoldus/.m2/repository/io/opentelemetry/opentelemetry-sdk/1.6.0/opentelemetry-sdk-1.6.0.jar:/home/knoldus/.m2/repository/io/opentelemetry/opentelemetry-semconv/1.6.0-alpha/opentelemetry-semconv-1.6.0-alpha.jar:/home/knoldus/.m2/repository/io/ous/jtoml/2.0.0/jtoml-2.0.0.jar:/home/knoldus/.m2/repository/net/bytebuddy/byte-buddy/1.11.19/byte-buddy-1.11.19.jar:/home/knoldus/.m2/repository/org/apache/commons/commons-exec/1.3/commons-exec-1.3.jar:/home/knoldus/.m2/repository/org/asynchttpclient/async-http-client/2.12.3/async-http-client-2.12.3.jar:/home/knoldus/.m2/repository/org/asynchttpclient/async-http-client-netty-utils/2.12.3/async-http-client-netty-utils-2.12.3.jar:/home/knoldus/.m2/repository/io/netty/netty-codec-socks/4.1.60.Final/netty-codec-socks-4.1.60.Final.jar:/home/knoldus/.m2/repository/io/netty/netty-handler-proxy/4.1.60.Final/netty-handler-proxy-4.1.60.Final.jar:/home/knoldus/.m2/repository/io/netty/netty-transport-native-epoll/4.1.60.Final/netty-transport-native-epoll-4.1.60.Final-linux-x86_64.jar:/home/knoldus/.m2/repository/io/netty/netty-transport-native-kqueue/4.1.60.Final/netty-transport-native-kqueue-4.1.60.Final-osx-x86_64.jar:/home/knoldus/.m2/repository/org/reactivestreams/reactive-streams/1.0.3/reactive-streams-1.0.3.jar:/home/knoldus/.m2/repository/com/typesafe/netty/netty-reactive-streams/2.0.4/netty-reactive-streams-2.0.4.jar:/home/knoldus/.m2/repository/org/slf4j/slf4j-api/1.7.30/slf4j-api-1.7.30.jar:/home/knoldus/.m2/repository/com/sun/activation/jakarta.activation/1.2.2/jakarta.activation-1.2.2.jar:/home/knoldus/.m2/repository/org/seleniumhq/selenium/selenium-http/4.0.0/selenium-http-4.0.0.jar:/home/knoldus/.m2/repository/org/seleniumhq/selenium/selenium-safari-driver/4.0.0/selenium-safari-driver-4.0.0.jar:/home/knoldus/.m2/repository/org/seleniumhq/selenium/selenium-support/4.0.0/selenium-support-4.0.0.jar:/home/knoldus/.m2/repository/org/seleniumhq/selenium/selenium-chrome-driver/4.0.0/selenium-chrome-driver-4.0.0.jar:/home/knoldus/.m2/repository/com/google/auto/service/auto-service-annotations/1.0/auto-service-annotations-1.0.jar:/home/knoldus/.m2/repository/com/google/auto/service/auto-service/1.0/auto-service-1.0.jar:/home/knoldus/.m2/repository/com/google/auto/auto-common/1.0/auto-common-1.0.jar:/home/knoldus/.m2/repository/com/google/guava/guava/31.0.1-jre/guava-31.0.1-jre.jar:/home/knoldus/.m2/repository/com/google/guava/failureaccess/1.0.1/failureaccess-1.0.1.jar:/home/knoldus/.m2/repository/com/google/guava/listenablefuture/9999.0-empty-to-avoid-conflict-with-guava/listenablefuture-9999.0-empty-to-avoid-conflict-with-guava.jar:/home/knoldus/.m2/repository/com/google/code/findbugs/jsr305/3.0.2/jsr305-3.0.2.jar:/home/knoldus/.m2/repository/org/checkerframework/checker-qual/3.12.0/checker-qual-3.12.0.jar:/home/knoldus/.m2/repository/com/google/errorprone/error_prone_annotations/2.7.1/error_prone_annotations-2.7.1.jar:/home/knoldus/.m2/repository/com/google/j2objc/j2objc-annotations/1.3/j2objc-annotations-1.3.jar:/home/knoldus/.m2/repository/org/seleniumhq/selenium/selenium-chromium-driver/4.0.0/selenium-chromium-driver-4.0.0.jar:/home/knoldus/.m2/repository/org/seleniumhq/selenium/selenium-json/4.0.0/selenium-json-4.0.0.jar:/home/knoldus/.m2/repository/org/testng/testng/7.4.0/testng-7.4.0.jar:/home/knoldus/.m2/repository/com/beust/jcommander/1.78/jcommander-1.78.jar:/home/knoldus/.m2/repository/org/webjars/jquery/3.5.1/jquery-3.5.1.jar:"/>
    <property name="java.vm.vendor" value="Ubuntu"/>
    <property name="sun.arch.data.model" value="64"/>
    <property name="java.vendor.url" value="https://ubuntu.com/"/>
    <property name="user.timezone" value=""/>
    <property name="java.vm.specification.version" value="11"/>
    <property name="os.name" value="Linux"/>
    <property name="sun.java.launcher" value="SUN_STANDARD"/>
    <property name="user.country" value="IN"/>
    <property name="sun.boot.library.path" value="/usr/lib/jvm/java-11-openjdk-amd64/lib"/>
    <property name="sun.java.command" value="/home/knoldus/Documents/selenium4-DataDriven-Framework/target/surefire/surefirebooter11616784103739010040.jar /home/knoldus/Documents/selenium4-DataDriven-Framework/target/surefire 2021-12-14T13-57-08_550-jvmRun1 surefire5231264532715708734tmp surefire_07687347963839388224tmp"/>
    <property name="jdk.debug" value="release"/>
    <property name="test" value="WordPressLogin"/>
    <property name="surefire.test.class.path" value="/home/knoldus/Documents/selenium4-DataDriven-Framework/target/test-classes:/home/knoldus/Documents/selenium4-DataDriven-Framework/target/classes:/home/knoldus/.m2/repository/junit/junit/4.12/junit-4.12.jar:/home/knoldus/.m2/repository/org/hamcrest/hamcrest-core/1.3/hamcrest-core-1.3.jar:/home/knoldus/.m2/repository/org/apache/poi/poi/4.1.2/poi-4.1.2.jar:/home/knoldus/.m2/repository/commons-codec/commons-codec/1.13/commons-codec-1.13.jar:/home/knoldus/.m2/repository/org/apache/commons/commons-collections4/4.4/commons-collections4-4.4.jar:/home/knoldus/.m2/repository/org/apache/commons/commons-math3/3.6.1/commons-math3-3.6.1.jar:/home/knoldus/.m2/repository/com/zaxxer/SparseBitSet/1.2/SparseBitSet-1.2.jar:/home/knoldus/.m2/repository/org/apache/poi/poi-ooxml/4.1.2/poi-ooxml-4.1.2.jar:/home/knoldus/.m2/repository/org/apache/poi/poi-ooxml-schemas/4.1.2/poi-ooxml-schemas-4.1.2.jar:/home/knoldus/.m2/repository/org/apache/xmlbeans/xmlbeans/3.1.0/xmlbeans-3.1.0.jar:/home/knoldus/.m2/repository/org/apache/commons/commons-compress/1.19/commons-compress-1.19.jar:/home/knoldus/.m2/repository/com/github/virtuald/curvesapi/1.06/curvesapi-1.06.jar:/home/knoldus/.m2/repository/org/seleniumhq/selenium/selenium-java/4.0.0/selenium-java-4.0.0.jar:/home/knoldus/.m2/repository/org/seleniumhq/selenium/selenium-api/4.0.0/selenium-api-4.0.0.jar:/home/knoldus/.m2/repository/org/seleniumhq/selenium/selenium-devtools-v85/4.0.0/selenium-devtools-v85-4.0.0.jar:/home/knoldus/.m2/repository/org/seleniumhq/selenium/selenium-devtools-v93/4.0.0/selenium-devtools-v93-4.0.0.jar:/home/knoldus/.m2/repository/org/seleniumhq/selenium/selenium-devtools-v94/4.0.0/selenium-devtools-v94-4.0.0.jar:/home/knoldus/.m2/repository/org/seleniumhq/selenium/selenium-devtools-v95/4.0.0/selenium-devtools-v95-4.0.0.jar:/home/knoldus/.m2/repository/org/seleniumhq/selenium/selenium-edge-driver/4.0.0/selenium-edge-driver-4.0.0.jar:/home/knoldus/.m2/repository/org/seleniumhq/selenium/selenium-firefox-driver/4.0.0/selenium-firefox-driver-4.0.0.jar:/home/knoldus/.m2/repository/org/seleniumhq/selenium/selenium-firefox-xpi-driver/4.0.0/selenium-firefox-xpi-driver-4.0.0.jar:/home/knoldus/.m2/repository/org/seleniumhq/selenium/selenium-ie-driver/4.0.0/selenium-ie-driver-4.0.0.jar:/home/knoldus/.m2/repository/org/seleniumhq/selenium/selenium-opera-driver/4.0.0/selenium-opera-driver-4.0.0.jar:/home/knoldus/.m2/repository/org/seleniumhq/selenium/selenium-remote-driver/4.0.0/selenium-remote-driver-4.0.0.jar:/home/knoldus/.m2/repository/io/netty/netty-buffer/4.1.68.Final/netty-buffer-4.1.68.Final.jar:/home/knoldus/.m2/repository/io/netty/netty-codec-http/4.1.67.Final/netty-codec-http-4.1.67.Final.jar:/home/knoldus/.m2/repository/io/netty/netty-codec/4.1.67.Final/netty-codec-4.1.67.Final.jar:/home/knoldus/.m2/repository/io/netty/netty-handler/4.1.67.Final/netty-handler-4.1.67.Final.jar:/home/knoldus/.m2/repository/io/netty/netty-common/4.1.68.Final/netty-common-4.1.68.Final.jar:/home/knoldus/.m2/repository/io/netty/netty-transport-native-epoll/4.1.67.Final/netty-transport-native-epoll-4.1.67.Final.jar:/home/knoldus/.m2/repository/io/netty/netty-transport-native-kqueue/4.1.67.Final/netty-transport-native-kqueue-4.1.67.Final.jar:/home/knoldus/.m2/repository/io/netty/netty-transport-native-unix-common/4.1.67.Final/netty-transport-native-unix-common-4.1.67.Final.jar:/home/knoldus/.m2/repository/io/netty/netty-transport/4.1.68.Final/netty-transport-4.1.68.Final.jar:/home/knoldus/.m2/repository/io/netty/netty-resolver/4.1.68.Final/netty-resolver-4.1.68.Final.jar:/home/knoldus/.m2/repository/io/opentelemetry/opentelemetry-api/1.6.0/opentelemetry-api-1.6.0.jar:/home/knoldus/.m2/repository/io/opentelemetry/opentelemetry-context/1.6.0/opentelemetry-context-1.6.0.jar:/home/knoldus/.m2/repository/io/opentelemetry/opentelemetry-exporter-logging/1.6.0/opentelemetry-exporter-logging-1.6.0.jar:/home/knoldus/.m2/repository/io/opentelemetry/opentelemetry-sdk-metrics/1.6.0-alpha/opentelemetry-sdk-metrics-1.6.0-alpha.jar:/home/knoldus/.m2/repository/io/opentelemetry/opentelemetry-sdk-common/1.6.0/opentelemetry-sdk-common-1.6.0.jar:/home/knoldus/.m2/repository/io/opentelemetry/opentelemetry-sdk-extension-autoconfigure-spi/1.6.0/opentelemetry-sdk-extension-autoconfigure-spi-1.6.0.jar:/home/knoldus/.m2/repository/io/opentelemetry/opentelemetry-sdk-extension-autoconfigure/1.6.0-alpha/opentelemetry-sdk-extension-autoconfigure-1.6.0-alpha.jar:/home/knoldus/.m2/repository/io/opentelemetry/opentelemetry-sdk-trace/1.6.0/opentelemetry-sdk-trace-1.6.0.jar:/home/knoldus/.m2/repository/io/opentelemetry/opentelemetry-api-metrics/1.6.0-alpha/opentelemetry-api-metrics-1.6.0-alpha.jar:/home/knoldus/.m2/repository/io/opentelemetry/opentelemetry-sdk/1.6.0/opentelemetry-sdk-1.6.0.jar:/home/knoldus/.m2/repository/io/opentelemetry/opentelemetry-semconv/1.6.0-alpha/opentelemetry-semconv-1.6.0-alpha.jar:/home/knoldus/.m2/repository/io/ous/jtoml/2.0.0/jtoml-2.0.0.jar:/home/knoldus/.m2/repository/net/bytebuddy/byte-buddy/1.11.19/byte-buddy-1.11.19.jar:/home/knoldus/.m2/repository/org/apache/commons/commons-exec/1.3/commons-exec-1.3.jar:/home/knoldus/.m2/repository/org/asynchttpclient/async-http-client/2.12.3/async-http-client-2.12.3.jar:/home/knoldus/.m2/repository/org/asynchttpclient/async-http-client-netty-utils/2.12.3/async-http-client-netty-utils-2.12.3.jar:/home/knoldus/.m2/repository/io/netty/netty-codec-socks/4.1.60.Final/netty-codec-socks-4.1.60.Final.jar:/home/knoldus/.m2/repository/io/netty/netty-handler-proxy/4.1.60.Final/netty-handler-proxy-4.1.60.Final.jar:/home/knoldus/.m2/repository/io/netty/netty-transport-native-epoll/4.1.60.Final/netty-transport-native-epoll-4.1.60.Final-linux-x86_64.jar:/home/knoldus/.m2/repository/io/netty/netty-transport-native-kqueue/4.1.60.Final/netty-transport-native-kqueue-4.1.60.Final-osx-x86_64.jar:/home/knoldus/.m2/repository/org/reactivestreams/reactive-streams/1.0.3/reactive-streams-1.0.3.jar:/home/knoldus/.m2/repository/com/typesafe/netty/netty-reactive-streams/2.0.4/netty-reactive-streams-2.0.4.jar:/home/knoldus/.m2/repository/org/slf4j/slf4j-api/1.7.30/slf4j-api-1.7.30.jar:/home/knoldus/.m2/repository/com/sun/activation/jakarta.activation/1.2.2/jakarta.activation-1.2.2.jar:/home/knoldus/.m2/repository/org/seleniumhq/selenium/selenium-http/4.0.0/selenium-http-4.0.0.jar:/home/knoldus/.m2/repository/org/seleniumhq/selenium/selenium-safari-driver/4.0.0/selenium-safari-driver-4.0.0.jar:/home/knoldus/.m2/repository/org/seleniumhq/selenium/selenium-support/4.0.0/selenium-support-4.0.0.jar:/home/knoldus/.m2/repository/org/seleniumhq/selenium/selenium-chrome-driver/4.0.0/selenium-chrome-driver-4.0.0.jar:/home/knoldus/.m2/repository/com/google/auto/service/auto-service-annotations/1.0/auto-service-annotations-1.0.jar:/home/knoldus/.m2/repository/com/google/auto/service/auto-service/1.0/auto-service-1.0.jar:/home/knoldus/.m2/repository/com/google/auto/auto-common/1.0/auto-common-1.0.jar:/home/knoldus/.m2/repository/com/google/guava/guava/31.0.1-jre/guava-31.0.1-jre.jar:/home/knoldus/.m2/repository/com/google/guava/failureaccess/1.0.1/failureaccess-1.0.1.jar:/home/knoldus/.m2/repository/com/google/guava/listenablefuture/9999.0-empty-to-avoid-conflict-with-guava/listenablefuture-9999.0-empty-to-avoid-conflict-with-guava.jar:/home/knoldus/.m2/repository/com/google/code/findbugs/jsr305/3.0.2/jsr305-3.0.2.jar:/home/knoldus/.m2/repository/org/checkerframework/checker-qual/3.12.0/checker-qual-3.12.0.jar:/home/knoldus/.m2/repository/com/google/errorprone/error_prone_annotations/2.7.1/error_prone_annotations-2.7.1.jar:/home/knoldus/.m2/repository/com/google/j2objc/j2objc-annotations/1.3/j2objc-annotations-1.3.jar:/home/knoldus/.m2/repository/org/seleniumhq/selenium/selenium-chromium-driver/4.0.0/selenium-chromium-driver-4.0.0.jar:/home/knoldus/.m2/repository/org/seleniumhq/selenium/selenium-json/4.0.0/selenium-json-4.0.0.jar:/home/knoldus/.m2/repository/org/testng/testng/7.4.0/testng-7.4.0.jar:/home/knoldus/.m2/repository/com/beust/jcommander/1.78/jcommander-1.78.jar:/home/knoldus/.m2/repository/org/webjars/jquery/3.5.1/jquery-3.5.1.jar:"/>
    <property name="sun.cpu.endian" value="little"/>
    <property name="user.home" value="/home/knoldus"/>
    <property name="user.language" value="en"/>
    <property name="java.specification.vendor" value="Oracle Corporation"/>
    <property name="java.version.date" value="2021-04-20"/>
    <property name="java.home" value="/usr/lib/jvm/java-11-openjdk-amd64"/>
    <property name="file.separator" value="/"/>
    <property name="basedir" value="/home/knoldus/Documents/selenium4-DataDriven-Framework"/>
    <property name="java.vm.compressedOopsMode" value="Zero based"/>
    <property name="line.separator" value="&#10;"/>
    <property name="java.specification.name" value="Java Platform API Specification"/>
    <property name="java.vm.specification.vendor" value="Oracle Corporation"/>
    <property name="java.awt.graphicsenv" value="sun.awt.X11GraphicsEnvironment"/>
    <property name="surefire.real.class.path" value="/home/knoldus/Documents/selenium4-DataDriven-Framework/target/surefire/surefirebooter11616784103739010040.jar"/>
    <property name="sun.management.compiler" value="HotSpot 64-Bit Tiered Compilers"/>
    <property name="java.runtime.version" value="11.0.11+9-Ubuntu-0ubuntu2.20.04"/>
    <property name="user.name" value="knoldus"/>
    <property name="path.separator" value=":"/>
    <property name="os.version" value="5.11.0-40-generic"/>
    <property name="java.runtime.name" value="OpenJDK Runtime Environment"/>
    <property name="file.encoding" value="UTF-8"/>
    <property name="java.vm.name" value="OpenJDK 64-Bit Server VM"/>
    <property name="localRepository" value="/home/knoldus/.m2/repository"/>
    <property name="java.vendor.url.bug" value="https://bugs.launchpad.net/ubuntu/+source/openjdk-lts"/>
    <property name="java.io.tmpdir" value="/tmp"/>
    <property name="java.version" value="11.0.11"/>
    <property name="user.dir" value="/home/knoldus/Documents/selenium4-DataDriven-Framework"/>
    <property name="os.arch" value="amd64"/>
    <property name="java.vm.specification.name" value="Java Virtual Machine Specification"/>
    <property name="java.awt.printerjob" value="sun.print.PSPrinterJob"/>
    <property name="sun.os.patch.level" value="unknown"/>
    <property name="java.library.path" value="/usr/java/packages/lib:/usr/lib/x86_64-linux-gnu/jni:/lib/x86_64-linux-gnu:/usr/lib/x86_64-linux-gnu:/usr/lib/jni:/lib:/usr/lib"/>
    <property name="java.vm.info" value="mixed mode, sharing"/>
    <property name="java.vendor" value="Ubuntu"/>
    <property name="java.vm.version" value="11.0.11+9-Ubuntu-0ubuntu2.20.04"/>
    <property name="sun.io.unicode.encoding" value="UnicodeLittle"/>
    <property name="java.class.version" value="55.0"/>
  </properties>
  <testcase name="loginToWordPress" classname="DDTF.WordPressLogin" time="6.848"/>
  <testcase name="loginToWordPress" classname="DDTF.WordPressLogin" time="6.193"/>
  <testcase name="loginToWordPress" classname="DDTF.WordPressLogin" time="6.135"/>
  <testcase name="loginToWordPress" classname="DDTF.WordPressLogin" time="5.919"/>
</testsuite>