<?xml version="1.0" encoding="UTF-8"?>
<!-- Generated by org.testng.reporters.JUnitReportReporter -->
<testsuite hostname="knoldus-Latitude-3520" failures="0" tests="4" name="DDTF.WordPressLogin" time="25.374" errors="0" timestamp="2021-12-14T13:57:34 IST" skipped="0">
  <testcase classname="DDTF.WordPressLogin" name="loginToWordPress" time="6.262"/>
  <system-out/>
  <testcase classname="DDTF.WordPressLogin" name="loginToWordPress" time="6.916"/>
  <system-out/>
  <testcase classname="DDTF.WordPressLogin" name="loginToWordPress" time="6.208"/>
  <system-out/>
  <testcase classname="DDTF.WordPressLogin" name="loginToWordPress" time="5.988"/>
  <system-out/>
</testsuite> <!-- DDTF.WordPressLogin -->
